[0625/183001:ERROR:process_info.cc(608)] range at 0xb6a1377e00000000, size 0x1f4 fully unreadable
[0625/183001:ERROR:process_info.cc(608)] range at 0xb6a137e000000000, size 0x1f4 fully unreadable
[0625/183001:ERROR:process_info.cc(608)] range at 0x0, size 0x1f4 fully unreadable
[0625/183001:WARNING:in_range_cast.h(38)] value 2150547896726 out of range
[0625/183001:WARNING:in_range_cast.h(38)] value 2150547894768 out of range
[0625/183001:WARNING:in_range_cast.h(38)] value 2150547896756 out of range
[0625/183001:WARNING:in_range_cast.h(38)] value 2150548160608 out of range
[0626/174027:ERROR:process_info.cc(608)] range at 0x3ab37a000000000, size 0x279 fully unreadable
[0626/174027:ERROR:process_info.cc(608)] range at 0x3ab380200000000, size 0x279 fully unreadable
[0626/174027:ERROR:process_info.cc(608)] range at 0x0, size 0x279 fully unreadable
[0626/174027:ERROR:process_reader_win.cc(141)] SuspendThread: Access is denied. (0x5)
[0626/174027:ERROR:process_reader_win.cc(141)] SuspendThread: Access is denied. (0x5)
[0626/174027:ERROR:process_reader_win.cc(141)] SuspendThread: Access is denied. (0x5)
[0626/174027:ERROR:process_reader_win.cc(141)] SuspendThread: Access is denied. (0x5)
[0626/174027:ERROR:process_reader_win.cc(141)] SuspendThread: Access is denied. (0x5)
[0626/174027:ERROR:process_reader_win.cc(141)] SuspendThread: Access is denied. (0x5)
[0626/174027:ERROR:process_reader_win.cc(141)] SuspendThread: Access is denied. (0x5)
[0626/174027:ERROR:process_reader_win.cc(141)] SuspendThread: Access is denied. (0x5)
[0626/174027:ERROR:process_reader_win.cc(141)] SuspendThread: Access is denied. (0x5)
[0626/174027:ERROR:process_reader_win.cc(141)] SuspendThread: Access is denied. (0x5)
[0626/174027:ERROR:process_reader_win.cc(141)] SuspendThread: Access is denied. (0x5)
[0626/174027:ERROR:process_reader_win.cc(141)] SuspendThread: Access is denied. (0x5)
[0626/174027:ERROR:exception_snapshot_win.cc(57)] thread ID 12156 not found in process
[0626/174027:WARNING:crash_report_exception_handler.cc(60)] ProcessSnapshotWin::InitializeException failed
[0626/174345:ERROR:process_info.cc(608)] range at 0xd485379c00000000, size 0x1d4 fully unreadable
[0626/174345:ERROR:process_info.cc(608)] range at 0xd48537fe00000000, size 0x1d4 fully unreadable
[0626/174345:ERROR:process_info.cc(608)] range at 0x0, size 0x1d4 fully unreadable
[0626/174345:ERROR:process_reader_win.cc(141)] SuspendThread: Access is denied. (0x5)
[0626/174345:ERROR:process_reader_win.cc(141)] SuspendThread: Access is denied. (0x5)
[0626/174345:ERROR:process_reader_win.cc(141)] SuspendThread: Access is denied. (0x5)
[0626/174345:ERROR:process_reader_win.cc(141)] SuspendThread: Access is denied. (0x5)
[0626/174345:ERROR:process_reader_win.cc(141)] SuspendThread: Access is denied. (0x5)
[0626/174345:ERROR:process_reader_win.cc(141)] SuspendThread: Access is denied. (0x5)
[0626/174345:ERROR:process_reader_win.cc(141)] SuspendThread: Access is denied. (0x5)
[0626/174345:ERROR:process_reader_win.cc(141)] SuspendThread: Access is denied. (0x5)
[0626/174345:ERROR:process_reader_win.cc(141)] SuspendThread: Access is denied. (0x5)
[0626/174345:ERROR:process_reader_win.cc(141)] SuspendThread: Access is denied. (0x5)
[0626/174345:ERROR:process_reader_win.cc(141)] SuspendThread: Access is denied. (0x5)
[0626/174345:ERROR:exception_snapshot_win.cc(57)] thread ID 4132 not found in process
[0626/174345:WARNING:crash_report_exception_handler.cc(60)] ProcessSnapshotWin::InitializeException failed
[0626/174350:ERROR:process_info.cc(608)] range at 0xad8e379e00000000, size 0x1c0 fully unreadable
[0626/174350:ERROR:process_info.cc(608)] range at 0xad8e380000000000, size 0x1c0 fully unreadable
[0626/174350:ERROR:process_info.cc(608)] range at 0x0, size 0x1c0 fully unreadable
[0626/174350:WARNING:in_range_cast.h(38)] value 1927057357416 out of range
[0626/174350:WARNING:in_range_cast.h(38)] value 1927057355458 out of range
[0626/174350:WARNING:in_range_cast.h(38)] value 1927057357446 out of range
[0626/174350:WARNING:in_range_cast.h(38)] value 1927057641872 out of range
